<?xml version="1.0" encoding="UTF-8"?>
<!-- Generated by org.testng.reporters.JUnitReportReporter -->
<testsuite hostname="RushiBhagwat" failures="0" tests="5" name="parallelonlyforTestNG.ParallelRun" time="102.383" errors="0" timestamp="23 Apr 2024 06:27:48 GMT" skipped="0">
  <testcase classname="parallelonlyforTestNG.ParallelRun" name="runScenario" time="20.061"/>
  <testcase classname="parallelonlyforTestNG.ParallelRun" name="runScenario" time="20.779"/>
  <testcase classname="parallelonlyforTestNG.ParallelRun" name="runScenario" time="19.169"/>
  <testcase classname="parallelonlyforTestNG.ParallelRun" name="runScenario" time="21.118"/>
  <testcase classname="parallelonlyforTestNG.ParallelRun" name="runScenario" time="21.256"/>
</testsuite> <!-- parallelonlyforTestNG.ParallelRun -->
